<?xml version="1.0" encoding="UTF-8"?>
<testsuite xmlns:xsi="http://www.w3.org/2001/XMLSchema-instance" xsi:noNamespaceSchemaLocation="https://maven.apache.org/surefire/maven-surefire-plugin/xsd/surefire-test-report.xsd" name="runners.TestRunner" time="20.948" tests="6" errors="0" skipped="0" failures="0">
  <properties>
[...]
</properties>
  <testcase name="User opens home page successfully" classname="Home Page validation" time="5.861"/>
  <testcase name="User navigates to News page" classname="Navigation validation" time="3.895"/>
  <testcase name="User navigates to Matches page" classname="Navigation validation" time="3.094"/>
  <testcase name="User navigates to Trainings page" classname="Navigation validation" time="2.866"/>
  <testcase name="User navigates to Gavi page" classname="Navigation validation" time="2.586"/>
  <testcase name="User navigates to Edits page" classname="Navigation validation" time="1.715"/>
</testsuite>